android/Camera/app/build/outputs/logs/manifest-merger-debug-report.txt
-- Merging decision tree log ---
manifest
ADDED from src/main/AndroidManifest.xml:2:1-20:12
	package
		ADDED from src/main/AndroidManifest.xml:3:5-40
		INJECTED from src/main/AndroidManifest.xml
		INJECTED from src/main/AndroidManifest.xml
	android:versionName
		INJECTED from src/main/AndroidManifest.xml
		INJECTED from src/main/AndroidManifest.xml
	xmlns:android
		ADDED from src/main/AndroidManifest.xml:2:11-69
	android:versionCode
		INJECTED from src/main/AndroidManifest.xml
		INJECTED from src/main/AndroidManifest.xml
application
ADDED from src/main/AndroidManifest.xml:5:5-18:19
MERGED from [com.adobe.creativesdk:image:4.8.3] AndroidManifest.xml:30:5-143:19
MERGED from [com.adobe.creativesdk.foundation:auth:0.9.1186] AndroidManifest.xml:21:5-50:19
MERGED from [com.sothree.slidinguppanel:library:3.0.0] AndroidManifest.xml:9:5-20
MERGED from [it.sephiroth.android.library.targettooltip:target-tooltip-library:1.3.15] AndroidManifest.xml:12:5-13:19
MERGED from [it.sephiroth.android.library.picasso:picasso:2.5.2.4b] AndroidManifest.xml:11:5-20
MERGED from [it.sephiroth.android.exif:android-exif-extended:1.0.6] AndroidManifest.xml:11:5-12:19
MERGED from [it.sephiroth.android.library.disklrumulticache:disklrumulticache:1.0.8] AndroidManifest.xml:12:5-13:19
MERGED from [it.sephiroth.android.library.viewrevealanimator:view-reveal-animator:1.1.4] AndroidManifest.xml:11:5-12:19
MERGED from [com.timehop.stickyheadersrecyclerview:library:0.4.3] AndroidManifest.xml:12:5-20
MERGED from [com.getbase:floatingactionbutton:1.10.0] AndroidManifest.xml:12:5-20
MERGED from [com.adobe.creativesdk:image-native:1.3.344] AndroidManifest.xml:11:5-12:19
MERGED from [de.hdodenhof:circleimageview:2.0.0] AndroidManifest.xml:9:5-20
MERGED from [com.google.android.gms:play-services-gcm:9.4.0] AndroidManifest.xml:24:5-20
MERGED from [com.google.android.gms:play-services-iid:9.4.0] AndroidManifest.xml:24:5-20
MERGED from [com.adobe.creativesdk.android.shared.common:common-ui:1.1.8] AndroidManifest.xml:11:5-20
MERGED from [com.adobe.creativesdk.android.shared:android-shared:0.0.9] AndroidManifest.xml:12:5-20
MERGED from [com.android.support:support-v13:24.1.1] AndroidManifest.xml:25:5-20
MERGED from [com.android.support:palette-v7:24.1.1] AndroidManifest.xml:22:5-23:19
MERGED from [com.android.support:design:24.1.1] AndroidManifest.xml:22:5-20
MERGED from [com.android.support:cardview-v7:24.1.1] AndroidManifest.xml:22:5-20
MERGED from [com.android.support:appcompat-v7:25.1.0] AndroidManifest.xml:25:5-20
MERGED from [com.android.support:animated-vector-drawable:25.1.0] AndroidManifest.xml:22:5-20
MERGED from [com.android.support:support-vector-drawable:25.1.0] AndroidManifest.xml:23:5-20
MERGED from [com.google.android.gms:play-services-base:9.4.0] AndroidManifest.xml:19:5-23:19
MERGED from [com.google.android.gms:play-services-tasks:9.4.0] AndroidManifest.xml:5:5-20
MERGED from [com.google.android.gms:play-services-basement:9.4.0] AndroidManifest.xml:20:5-24:19
MERGED from [com.android.support:support-v4:25.1.0] AndroidManifest.xml:25:5-20
MERGED from [com.android.support:support-fragment:25.1.0] AndroidManifest.xml:25:5-20
MERGED from [com.android.support:support-media-compat:25.1.0] AndroidManifest.xml:25:5-20
MERGED from [com.android.support:support-core-ui:25.1.0] AndroidManifest.xml:25:5-20
MERGED from [com.android.support:support-core-utils:25.1.0] AndroidManifest.xml:25:5-20
MERGED from [com.android.support:support-compat:25.1.0] AndroidManifest.xml:25:5-20
MERGED from [it.sephiroth.android.library.imagezoom:imagezoom:2.2.5] AndroidManifest.xml:11:5-20
MERGED from [it.sephiroth.android.library.ab:ab-test:2.0.5] AndroidManifest.xml:11:5-20
MERGED from [com.infstory:proguard-annotations:1.0.2] AndroidManifest.xml:11:5-20
	android:label
		ADDED from src/main/AndroidManifest.xml:8:9-41
	android:supportsRtl
		ADDED from src/main/AndroidManifest.xml:9:9-35
	android:allowBackup
		ADDED from src/main/AndroidManifest.xml:6:9-35
	android:icon
		ADDED from src/main/AndroidManifest.xml:7:9-43
	android:theme
		ADDED from src/main/AndroidManifest.xml:10:9-40
activity#com.example.javier.camera.MainActivity
ADDED from src/main/AndroidManifest.xml:11:9-17:20
	android:name
		ADDED from src/main/AndroidManifest.xml:11:19-47
intent-filter#android.intent.action.MAIN+android.intent.category.LAUNCHER
ADDED from src/main/AndroidManifest.xml:12:13-16:29
action#android.intent.action.MAIN
ADDED from src/main/AndroidManifest.xml:13:17-69
	android:name
		ADDED from src/main/AndroidManifest.xml:13:25-66
category#android.intent.category.LAUNCHER
ADDED from src/main/AndroidManifest.xml:15:17-77
	android:name
		ADDED from src/main/AndroidManifest.xml:15:27-74
uses-sdk
INJECTED from src/main/AndroidManifest.xml reason: use-sdk injection requested
MERGED from [com.adobe.creativesdk:image:4.8.3] AndroidManifest.xml:7:5-9:41
MERGED from [com.adobe.creativesdk.foundation:auth:0.9.1186] AndroidManifest.xml:7:5-9:41
MERGED from [com.birbit:android-priority-jobqueue:2.0.0-beta2] AndroidManifest.xml:8:5-11:155
MERGED from [com.github.fengdai:alertdialogpro-theme-material:0.2.6] AndroidManifest.xml:8:5-10:41
MERGED from [com.github.fengdai:alertdialogpro-core:0.2.6] AndroidManifest.xml:8:5-10:41
MERGED from [com.sothree.slidinguppanel:library:3.0.0] AndroidManifest.xml:7:5-43
MERGED from [it.sephiroth.android.library.targettooltip:target-tooltip-library:1.3.15] AndroidManifest.xml:8:5-10:41
MERGED from [it.sephiroth.android.library.picasso:picasso:2.5.2.4b] AndroidManifest.xml:7:5-9:41
MERGED from [it.sephiroth.android.exif:android-exif-extended:1.0.6] AndroidManifest.xml:7:5-9:41
MERGED from [it.sephiroth.android.library.disklrumulticache:disklrumulticache:1.0.8] AndroidManifest.xml:8:5-10:41
MERGED from [it.sephiroth.android.library.viewrevealanimator:view-reveal-animator:1.1.4] AndroidManifest.xml:7:5-9:41
MERGED from [com.timehop.stickyheadersrecyclerview:library:0.4.3] AndroidManifest.xml:8:5-10:41
MERGED from [it.sephiroth:rxbroadcast:0.0.2] AndroidManifest.xml:6:5-44
MERGED from [com.trello:rxlifecycle-components:0.8.0] AndroidManifest.xml:17:5-44
MERGED from [com.trello:rxlifecycle-android:0.8.0] AndroidManifest.xml:17:5-44
MERGED from [com.jakewharton.rxbinding:rxbinding-appcompat-v7:0.4.0] AndroidManifest.xml:6:5-44
MERGED from [com.jakewharton.rxbinding:rxbinding-support-v4:0.4.0] AndroidManifest.xml:6:5-44
MERGED from [com.jakewharton.rxbinding:rxbinding:0.4.0] AndroidManifest.xml:6:5-44
MERGED from [io.reactivex:rxandroid:1.2.1] AndroidManifest.xml:19:5-43
MERGED from [com.getbase:floatingactionbutton:1.10.0] AndroidManifest.xml:8:5-10:41
MERGED from [com.adobe.creativesdk:image-native:1.3.344] AndroidManifest.xml:7:5-9:41
MERGED from [de.hdodenhof:circleimageview:2.0.0] AndroidManifest.xml:5:5-7:41
MERGED from [com.google.android.gms:play-services-gcm:9.4.0] AndroidManifest.xml:18:5-42
MERGED from [com.google.android.gms:play-services-iid:9.4.0] AndroidManifest.xml:18:5-42
MERGED from [com.adobe.creativesdk.android.shared.common:common-ui:1.1.8] AndroidManifest.xml:7:5-9:41
MERGED from [com.adobe.creativesdk.android.shared:android-shared:0.0.9] AndroidManifest.xml:8:5-10:41
MERGED from [com.android.support:support-v13:24.1.1] AndroidManifest.xml:21:5-23:55
MERGED from [com.android.support:palette-v7:24.1.1] AndroidManifest.xml:20:5-43
MERGED from [com.android.support:design:24.1.1] AndroidManifest.xml:20:5-43
MERGED from [com.android.support:recyclerview-v7:24.1.1] AndroidManifest.xml:20:5-43
MERGED from [com.android.support:cardview-v7:24.1.1] AndroidManifest.xml:20:5-43
MERGED from [com.android.support:appcompat-v7:25.1.0] AndroidManifest.xml:21:5-23:78
MERGED from [com.android.support:animated-vector-drawable:25.1.0] AndroidManifest.xml:20:5-44
MERGED from [com.android.support:support-vector-drawable:25.1.0] AndroidManifest.xml:21:5-43
MERGED from [com.google.android.gms:play-services-base:9.4.0] AndroidManifest.xml:18:5-42
MERGED from [com.google.android.gms:play-services-tasks:9.4.0] AndroidManifest.xml:4:5-43
MERGED from [com.google.android.gms:play-services-basement:9.4.0] AndroidManifest.xml:18:5-42
MERGED from [com.android.support:support-v4:25.1.0] AndroidManifest.xml:21:5-23:54
MERGED from [com.android.support:support-fragment:25.1.0] AndroidManifest.xml:21:5-23:60
MERGED from [com.android.support:support-media-compat:25.1.0] AndroidManifest.xml:21:5-23:63
MERGED from [com.android.support:support-core-ui:25.1.0] AndroidManifest.xml:21:5-23:58
MERGED from [com.android.support:support-core-utils:25.1.0] AndroidManifest.xml:21:5-23:61
MERGED from [com.android.support:support-compat:25.1.0] AndroidManifest.xml:21:5-23:58
MERGED from [it.sephiroth.android.library.imagezoom:imagezoom:2.2.5] AndroidManifest.xml:7:5-9:41
MERGED from [it.sephiroth.android.library.ab:ab-test:2.0.5] AndroidManifest.xml:7:5-9:41
MERGED from [com.infstory:proguard-annotations:1.0.2] AndroidManifest.xml:7:5-9:41
MERGED from [com.localytics.android:library:4.0.1] AndroidManifest.xml:7:5-9:41
	tools:overrideLibrary
		ADDED from [com.birbit:android-priority-jobqueue:2.0.0-beta2] AndroidManifest.xml:11:9-152
	android:targetSdkVersion
		INJECTED from src/main/AndroidManifest.xml
		INJECTED from src/main/AndroidManifest.xml
	android:minSdkVersion
		INJECTED from src/main/AndroidManifest.xml
		INJECTED from src/main/AndroidManifest.xml
supports-screens
ADDED from [com.adobe.creativesdk:image:4.8.3] AndroidManifest.xml:12:5-16:40
	android:largeScreens
		ADDED from [com.adobe.creativesdk:image:4.8.3] AndroidManifest.xml:13:9-36
	android:smallScreens
		ADDED from [com.adobe.creativesdk:image:4.8.3] AndroidManifest.xml:15:9-37
	android:normalScreens
		ADDED from [com.adobe.creativesdk:image:4.8.3] AndroidManifest.xml:14:9-37
	android:xlargeScreens
		ADDED from [com.adobe.creativesdk:image:4.8.3] AndroidManifest.xml:16:9-37
uses-permission#android.permission.INTERNET
ADDED from [com.adobe.creativesdk:image:4.8.3] AndroidManifest.xml:19:5-67
MERGED from [com.adobe.creativesdk.foundation:auth:0.9.1186] AndroidManifest.xml:11:5-67
MERGED from [com.birbit:android-priority-jobqueue:2.0.0-beta2] AndroidManifest.xml:13:5-67
MERGED from [com.google.android.gms:play-services-gcm:9.4.0] AndroidManifest.xml:22:5-67
MERGED from [com.google.android.gms:play-services-iid:9.4.0] AndroidManifest.xml:22:5-67
	android:name
		ADDED from [com.adobe.creativesdk:image:4.8.3] AndroidManifest.xml:19:22-64
uses-permission#android.permission.WRITE_EXTERNAL_STORAGE
ADDED from [com.adobe.creativesdk:image:4.8.3] AndroidManifest.xml:20:5-81
	android:name
		ADDED from [com.adobe.creativesdk:image:4.8.3] AndroidManifest.xml:20:22-78
uses-permission#android.permission.READ_EXTERNAL_STORAGE
ADDED from [com.adobe.creativesdk:image:4.8.3] AndroidManifest.xml:21:5-80
	android:name
		ADDED from [com.adobe.creativesdk:image:4.8.3] AndroidManifest.xml:21:22-77
uses-permission#android.permission.BROADCAST_STICKY
ADDED from [com.adobe.creativesdk:image:4.8.3] AndroidManifest.xml:22:5-75
	android:name
		ADDED from [com.adobe.creativesdk:image:4.8.3] AndroidManifest.xml:22:22-72
uses-permission#android.permission.SEND_DOWNLOAD_COMPLETED_INTENTS
ADDED from [com.adobe.creativesdk:image:4.8.3] AndroidManifest.xml:23:5-90
	android:name
		ADDED from [com.adobe.creativesdk:image:4.8.3] AndroidManifest.xml:23:22-87
activity#com.adobe.creativesdk.aviary.AdobeImageEditorActivity
ADDED from [com.adobe.creativesdk:image:4.8.3] AndroidManifest.xml:31:9-60:20
	android:screenOrientation
		ADDED from [com.adobe.creativesdk:image:4.8.3] AndroidManifest.xml:35:13-52
	android:configChanges
		ADDED from [com.adobe.creativesdk:image:4.8.3] AndroidManifest.xml:33:13-74
	android:finishOnTaskLaunch
		ADDED from [com.adobe.creativesdk:image:4.8.3] AndroidManifest.xml:34:13-46
	android:theme
		ADDED from [com.adobe.creativesdk:image:4.8.3] AndroidManifest.xml:36:13-62
	android:name
		ADDED from [com.adobe.creativesdk:image:4.8.3] AndroidManifest.xml:32:13-81
intent-filter#android.intent.category.DEFAULT+aviary.intent.action.EDIT
ADDED from [com.adobe.creativesdk:image:4.8.3] AndroidManifest.xml:37:13-43:29
action#aviary.intent.action.EDIT
ADDED from [com.adobe.creativesdk:image:4.8.3] AndroidManifest.xml:38:17-68
	android:name
		ADDED from [com.adobe.creativesdk:image:4.8.3] AndroidManifest.xml:38:25-65
category#android.intent.category.DEFAULT
ADDED from [com.adobe.creativesdk:image:4.8.3] AndroidManifest.xml:40:17-76
	android:name
		ADDED from [com.adobe.creativesdk:image:4.8.3] AndroidManifest.xml:40:27-73
data
ADDED from [com.adobe.creativesdk:image:4.8.3] AndroidManifest.xml:42:17-52
	android:mimeType
		ADDED from [com.adobe.creativesdk:image:4.8.3] AndroidManifest.xml:42:23-49
service#com.adobe.creativesdk.aviary.internal.cds.CdsService
ADDED from [com.adobe.creativesdk:image:4.8.3] AndroidManifest.xml:68:9-78:19
	android:process
		ADDED from [com.adobe.creativesdk:image:4.8.3] AndroidManifest.xml:71:13-38
	android:exported
		ADDED from [com.adobe.creativesdk:image:4.8.3] AndroidManifest.xml:70:13-37
	android:name
		ADDED from [com.adobe.creativesdk:image:4.8.3] AndroidManifest.xml:69:13-80
intent-filter#aviary.intent.action.CDS_DOWNLOAD_START+aviary.intent.action.CDS_RESTORE_OWNED_PACKS+aviary.intent.action.CDS_RESTORE_USER_ITEMS+aviary.intent.action.CDS_VERIFY_SUBSCRIPTIONS
ADDED from [com.adobe.creativesdk:image:4.8.3] AndroidManifest.xml:72:13-77:29
action#aviary.intent.action.CDS_VERIFY_SUBSCRIPTIONS
ADDED from [com.adobe.creativesdk:image:4.8.3] AndroidManifest.xml:73:17-88
	android:name
		ADDED from [com.adobe.creativesdk:image:4.8.3] AndroidManifest.xml:73:25-85
action#aviary.intent.action.CDS_DOWNLOAD_START
ADDED from [com.adobe.creativesdk:image:4.8.3] AndroidManifest.xml:74:17-82
	android:name
		ADDED from [com.adobe.creativesdk:image:4.8.3] AndroidManifest.xml:74:25-79
action#aviary.intent.action.CDS_RESTORE_USER_ITEMS
ADDED from [com.adobe.creativesdk:image:4.8.3] AndroidManifest.xml:75:17-86
	android:name
		ADDED from [com.adobe.creativesdk:image:4.8.3] AndroidManifest.xml:75:25-83
action#aviary.intent.action.CDS_RESTORE_OWNED_PACKS
ADDED from [com.adobe.creativesdk:image:4.8.3] AndroidManifest.xml:76:17-87
	android:name
		ADDED from [com.adobe.creativesdk:image:4.8.3] AndroidManifest.xml:76:25-84
service#com.adobe.creativesdk.aviary.internal.cds.CdsAssetsDownloaderService
ADDED from [com.adobe.creativesdk:image:4.8.3] AndroidManifest.xml:79:9-86:19
	android:process
		ADDED from [com.adobe.creativesdk:image:4.8.3] AndroidManifest.xml:82:13-38
	android:exported
		ADDED from [com.adobe.creativesdk:image:4.8.3] AndroidManifest.xml:81:13-37
	android:name
		ADDED from [com.adobe.creativesdk:image:4.8.3] AndroidManifest.xml:80:13-96
intent-filter#aviary.intent.action.CDS_DOWNLOAD_EXTRA_ASSETS
ADDED from [com.adobe.creativesdk:image:4.8.3] AndroidManifest.xml:83:13-85:29
action#aviary.intent.action.CDS_DOWNLOAD_EXTRA_ASSETS
ADDED from [com.adobe.creativesdk:image:4.8.3] AndroidManifest.xml:84:17-89
	android:name
		ADDED from [com.adobe.creativesdk:image:4.8.3] AndroidManifest.xml:84:25-86
receiver#com.adobe.creativesdk.aviary.internal.cds.CdsReceiver
ADDED from [com.adobe.creativesdk:image:4.8.3] AndroidManifest.xml:92:9-106:20
	android:process
		ADDED from [com.adobe.creativesdk:image:4.8.3] AndroidManifest.xml:96:13-38
	android:exported
		ADDED from [com.adobe.creativesdk:image:4.8.3] AndroidManifest.xml:94:13-36
	android:permission
		ADDED from [com.adobe.creativesdk:image:4.8.3] AndroidManifest.xml:95:13-84
	android:name
		ADDED from [com.adobe.creativesdk:image:4.8.3] AndroidManifest.xml:93:13-81
intent-filter#android.intent.action.ACTION_POWER_CONNECTED+android.intent.action.ACTION_POWER_DISCONNECTED+android.intent.action.DOWNLOAD_COMPLETE+android.intent.action.MY_PACKAGE_REPLACED+android.net.wifi.STATE_CHANGE+aviary.android.cds.intent.action.ACTION_DOWNLOAD_COMPLETE_DELAYED+aviary.android.cds.intent.action.ACTION_NOTIFICATION_DISMISS
ADDED from [com.adobe.creativesdk:image:4.8.3] AndroidManifest.xml:97:13-105:29
action#android.intent.action.DOWNLOAD_COMPLETE
ADDED from [com.adobe.creativesdk:image:4.8.3] AndroidManifest.xml:98:17-82
	android:name
		ADDED from [com.adobe.creativesdk:image:4.8.3] AndroidManifest.xml:98:25-79
action#android.net.wifi.STATE_CHANGE
ADDED from [com.adobe.creativesdk:image:4.8.3] AndroidManifest.xml:99:17-72
	android:name
		ADDED from [com.adobe.creativesdk:image:4.8.3] AndroidManifest.xml:99:25-69
action#android.intent.action.ACTION_POWER_CONNECTED
ADDED from [com.adobe.creativesdk:image:4.8.3] AndroidManifest.xml:100:17-87
	android:name
		ADDED from [com.adobe.creativesdk:image:4.8.3] AndroidManifest.xml:100:25-84
action#android.intent.action.ACTION_POWER_DISCONNECTED
ADDED from [com.adobe.creativesdk:image:4.8.3] AndroidManifest.xml:101:17-90
	android:name
		ADDED from [com.adobe.creativesdk:image:4.8.3] AndroidManifest.xml:101:25-87
action#android.intent.action.MY_PACKAGE_REPLACED
ADDED from [com.adobe.creativesdk:image:4.8.3] AndroidManifest.xml:102:17-84
	android:name
		ADDED from [com.adobe.creativesdk:image:4.8.3] AndroidManifest.xml:102:25-81
action#aviary.android.cds.intent.action.ACTION_NOTIFICATION_DISMISS
ADDED from [com.adobe.creativesdk:image:4.8.3] AndroidManifest.xml:103:17-103
	android:name
		ADDED from [com.adobe.creativesdk:image:4.8.3] AndroidManifest.xml:103:25-100
action#aviary.android.cds.intent.action.ACTION_DOWNLOAD_COMPLETE_DELAYED
ADDED from [com.adobe.creativesdk:image:4.8.3] AndroidManifest.xml:104:17-108
	android:name
		ADDED from [com.adobe.creativesdk:image:4.8.3] AndroidManifest.xml:104:25-105
provider#com.adobe.creativesdk.aviary.internal.cds.CdsProvider
ADDED from [com.adobe.creativesdk:image:4.8.3] AndroidManifest.xml:114:9-117:40
	android:authorities
		ADDED from [com.adobe.creativesdk:image:4.8.3] AndroidManifest.xml:116:13-64
	android:exported
		ADDED from [com.adobe.creativesdk:image:4.8.3] AndroidManifest.xml:117:13-37
	android:name
		ADDED from [com.adobe.creativesdk:image:4.8.3] AndroidManifest.xml:115:13-81
activity#com.adobe.creativesdk.foundation.internal.auth.AdobeAuthSignInActivity
ADDED from [com.adobe.creativesdk:image:4.8.3] AndroidManifest.xml:127:9-130:39
MERGED from [com.adobe.creativesdk.foundation:auth:0.9.1186] AndroidManifest.xml:22:9-28:83
	android:label
		ADDED from [com.adobe.creativesdk.foundation:auth:0.9.1186] AndroidManifest.xml:25:13-62
	android:excludeFromRecents
		ADDED from [com.adobe.creativesdk:image:4.8.3] AndroidManifest.xml:129:13-46
	android:multiprocess
		ADDED from [com.adobe.creativesdk.foundation:auth:0.9.1186] AndroidManifest.xml:26:13-40
	android:exported
		ADDED from [com.adobe.creativesdk.foundation:auth:0.9.1186] AndroidManifest.xml:24:13-37
	android:windowSoftInputMode
		ADDED from [com.adobe.creativesdk.foundation:auth:0.9.1186] AndroidManifest.xml:28:13-80
	android:theme
		ADDED from [com.adobe.creativesdk.foundation:auth:0.9.1186] AndroidManifest.xml:27:13-58
	android:taskAffinity
		ADDED from [com.adobe.creativesdk:image:4.8.3] AndroidManifest.xml:130:13-36
	android:name
		ADDED from [com.adobe.creativesdk:image:4.8.3] AndroidManifest.xml:128:13-98
service#com.adobe.creativesdk.aviary.internal.account.AdobeBillingContentService
ADDED from [com.adobe.creativesdk:image:4.8.3] AndroidManifest.xml:138:9-142:41
	android:enabled
		ADDED from [com.adobe.creativesdk:image:4.8.3] AndroidManifest.xml:140:13-35
	android:process
		ADDED from [com.adobe.creativesdk:image:4.8.3] AndroidManifest.xml:142:13-38
	android:exported
		ADDED from [com.adobe.creativesdk:image:4.8.3] AndroidManifest.xml:141:13-37
	android:name
		ADDED from [com.adobe.creativesdk:image:4.8.3] AndroidManifest.xml:139:13-100
uses-permission#android.permission.ACCESS_NETWORK_STATE
ADDED from [com.adobe.creativesdk.foundation:auth:0.9.1186] AndroidManifest.xml:12:5-79
MERGED from [com.birbit:android-priority-jobqueue:2.0.0-beta2] AndroidManifest.xml:14:5-79
MERGED from [com.localytics.android:library:4.0.1] AndroidManifest.xml:11:5-79
	android:name
		ADDED from [com.adobe.creativesdk.foundation:auth:0.9.1186] AndroidManifest.xml:12:22-76
activity#com.adobe.creativesdk.foundation.internal.auth.AdobeAuthContinuableEventActivity
ADDED from [com.adobe.creativesdk.foundation:auth:0.9.1186] AndroidManifest.xml:29:9-36:83
	android:label
		ADDED from [com.adobe.creativesdk.foundation:auth:0.9.1186] AndroidManifest.xml:32:13-62
	android:multiprocess
		ADDED from [com.adobe.creativesdk.foundation:auth:0.9.1186] AndroidManifest.xml:34:13-40
	android:launchMode
		ADDED from [com.adobe.creativesdk.foundation:auth:0.9.1186] AndroidManifest.xml:33:13-48
	android:exported
		ADDED from [com.adobe.creativesdk.foundation:auth:0.9.1186] AndroidManifest.xml:31:13-37
	android:windowSoftInputMode
		ADDED from [com.adobe.creativesdk.foundation:auth:0.9.1186] AndroidManifest.xml:36:13-80
	android:theme
		ADDED from [com.adobe.creativesdk.foundation:auth:0.9.1186] AndroidManifest.xml:35:13-58
	android:name
		ADDED from [com.adobe.creativesdk.foundation:auth:0.9.1186] AndroidManifest.xml:30:13-108
activity#com.adobe.creativesdk.foundation.internal.base.AdobeTOUHandlerActivity
ADDED from [com.adobe.creativesdk.foundation:auth:0.9.1186] AndroidManifest.xml:49:9-107
	android:name
		ADDED from [com.adobe.creativesdk.foundation:auth:0.9.1186] AndroidManifest.xml:49:19-104
uses-permission#com.google.android.c2dm.permission.RECEIVE
ADDED from [com.google.android.gms:play-services-gcm:9.4.0] AndroidManifest.xml:21:5-82
MERGED from [com.google.android.gms:play-services-iid:9.4.0] AndroidManifest.xml:21:5-82
	android:name
		ADDED from [com.google.android.gms:play-services-gcm:9.4.0] AndroidManifest.xml:21:22-79
activity#com.google.android.gms.common.api.GoogleApiActivity
ADDED from [com.google.android.gms:play-services-base:9.4.0] AndroidManifest.xml:20:9-22:45
	android:exported
		ADDED from [com.google.android.gms:play-services-base:9.4.0] AndroidManifest.xml:22:19-43
	android:theme
		ADDED from [com.google.android.gms:play-services-base:9.4.0] AndroidManifest.xml:21:19-78
	android:name
		ADDED from [com.google.android.gms:play-services-base:9.4.0] AndroidManifest.xml:20:19-85
meta-data#com.google.android.gms.version
ADDED from [com.google.android.gms:play-services-basement:9.4.0] AndroidManifest.xml:21:9-23:69
	android:value
		ADDED from [com.google.android.gms:play-services-basement:9.4.0] AndroidManifest.xml:23:13-66
	android:name
		ADDED from [com.google.android.gms:play-services-basement:9.4.0] AndroidManifest.xml:22:13-58